#
# A fatal error has been detected by the Java Runtime Environment:
#
#  EXCEPTION_ACCESS_VIOLATION (0xc0000005) at pc=0x000000001eab1066, pid=6976, tid=0x0000000000001a30
#
# JRE version: Java(TM) SE Runtime Environment (8.0_131-b11) (build 1.8.0_131-b11)
# Java VM: Java HotSpot(TM) 64-Bit Server VM (25.131-b11 mixed mode windows-amd64 compressed oops)
# Problematic frame:
# C  [OpenAL64.dll+0x11066]
#
# Failed to write core dump. Minidumps are not enabled by default on client versions of Windows
#
# If you would like to submit a bug report, please visit:
#   http://bugreport.java.com/bugreport/crash.jsp
# The crash happened outside the Java Virtual Machine in native code.
# See problematic frame for where to report the bug.
#

---------------  T H R E A D  ---------------

Current thread (0x0000000019e85000):  JavaThread "Thread-8" [_thread_in_native, id=6704, stack(0x000000001ef70000,0x000000001f070000)]

siginfo: ExceptionCode=0xc0000005, reading address 0x0000000018ccf004

Registers:
RAX=0x0000000000000004, RBX=0x0000000021fe0090, RCX=0x0000000018ccf008, RDX=0x0000000018ccf004
RSP=0x000000001f06f0b0, RBP=0x00000000000000ff, RSI=0x0000000018ccec3c, RDI=0x0000000000000000
R8 =0x00000000000000f2, R9 =0x0000000018ccec3c, R10=0x0000000003107908, R11=0x00000000665bbd80
R12=0x0000000000000001, R13=0x000000001e8f77b8, R14=0x000000001f06f248, R15=0x0000000019e85000
RIP=0x000000001eab1066, EFLAGS=0x0000000000010202

Top of Stack: (sp=0x000000001f06f0b0)
0x000000001f06f0b0:   000000001f06f0f0 000000001647c7c8
0x000000001f06f0c0:   0000000000000000 0000000016478ea0
0x000000001f06f0d0:   000000001e8f77b8 00000000664bb675
0x000000001f06f0e0:   0000000019e85000 0000000025f6b2e0
0x000000001f06f0f0:   000000001e8f77b8 000000001f06f248
0x000000001f06f100:   0000000019320300 000000006644b756
0x000000001f06f110:   000000001f06f8b8 000000001c4ea538
0x000000001f06f120:   0000000019e85000 000000001f06f248
0x000000001f06f130:   000000001e8f77b8 0000000000000000
0x000000001f06f140:   0000000018ccec3c 0000000018ccec3c
0x000000001f06f150:   000000001f06f210 000000001eab248f
0x000000001f06f160:   0000000021fe0090 0000000021fe0090
0x000000001f06f170:   000000000000ac44 0000000000000004
0x000000001f06f180:   00000000d4cc7c30 0000000003107934
0x000000001f06f190:   000000001e8f77b8 00000000c39f4050
0x000000001f06f1a0:   000000001f06f1a0 000000001e8fa5c9 

Instructions: (pc=0x000000001eab1066)
0x000000001eab1046:   41 2b ec 81 3a 03 00 02 00 75 09 8b 01 89 84 24
0x000000001eab1056:   c8 00 00 00 49 83 c0 02 48 83 c1 08 4a 8d 14 86
0x000000001eab1066:   39 3a 75 af 4c 8d 84 24 c0 00 00 00 48 8d 15 d7
0x000000001eab1076:   2b 03 00 33 c9 e8 58 5f 00 00 b8 40 1f 00 00 4c 


Register to memory mapping:

RAX=0x0000000000000004 is an unknown value
RBX=0x0000000021fe0090 is an unknown value
RCX=0x0000000018ccf008 is an unknown value
RDX=0x0000000018ccf004 is an unknown value
RSP=0x000000001f06f0b0 is pointing into the stack for thread: 0x0000000019e85000
RBP=0x00000000000000ff is an unknown value
RSI=0x0000000018ccec3c is an unknown value
RDI=0x0000000000000000 is an unknown value
R8 =0x00000000000000f2 is an unknown value
R9 =0x0000000018ccec3c is an unknown value
R10=0x0000000003107908 is at code_begin+840 in an Interpreter codelet
method entry point (kind = native)  [0x00000000031075c0, 0x0000000003107f20]  2400 bytes
R11=0x00000000665bbd80 is an unknown value
R12=0x0000000000000001 is an unknown value
R13={method} {0x000000001e8f77c0} 'nalcCreateContext' '(JJ)J' in 'org/lwjgl/openal/ALC10'
R14=0x000000001f06f248 is pointing into the stack for thread: 0x0000000019e85000
R15=0x0000000019e85000 is a thread


Stack: [0x000000001ef70000,0x000000001f070000],  sp=0x000000001f06f0b0,  free space=1020k
Native frames: (J=compiled Java code, j=interpreted, Vv=VM code, C=native code)
C  [OpenAL64.dll+0x11066]
C  [OpenAL64.dll+0x1248f]
C  0x0000000003107934

Java frames: (J=compiled Java code, j=interpreted, Vv=VM code)
j  org.lwjgl.openal.ALC10.nalcCreateContext(JJ)J+0
j  org.lwjgl.openal.ALC10.alcCreateContext(Lorg/lwjgl/openal/ALCdevice;Ljava/nio/IntBuffer;)Lorg/lwjgl/openal/ALCcontext;+8
j  org.lwjgl.openal.AL.init(Ljava/lang/String;IIZZ)V+69
j  org.lwjgl.openal.AL.create(Ljava/lang/String;IIZZ)V+227
j  org.lwjgl.openal.AL.create(Ljava/lang/String;IIZ)V+5
j  org.lwjgl.openal.AL.create()V+6
j  paulscode.sound.libraries.LibraryLWJGLOpenAL.init()V+2
j  paulscode.sound.SoundSystem.CommandNewLibrary(Ljava/lang/Class;)V+273
j  paulscode.sound.SoundSystem.CommandQueue(Lpaulscode/sound/CommandObject;)Z+1206
j  paulscode.sound.CommandThread.run()V+51
v  ~StubRoutines::call_stub

---------------  P R O C E S S  ---------------

Java Threads: ( => current thread )
  0x0000000019e85800 JavaThread "Thread-9" [_thread_blocked, id=7020, stack(0x00000000220e0000,0x00000000221e0000)]
=>0x0000000019e85000 JavaThread "Thread-8" [_thread_in_native, id=6704, stack(0x000000001ef70000,0x000000001f070000)]
  0x0000000019e80800 JavaThread "Sound Library Loader" [_thread_blocked, id=8184, stack(0x000000001e6a0000,0x000000001e7a0000)]
  0x0000000019e87000 JavaThread "Keep-Alive-Timer" daemon [_thread_blocked, id=808, stack(0x000000001ee70000,0x000000001ef70000)]
  0x0000000019e82000 JavaThread "Java2D Disposer" daemon [_thread_blocked, id=3188, stack(0x000000001ae10000,0x000000001af10000)]
  0x0000000019e81000 JavaThread "Timer hack thread" daemon [_thread_blocked, id=7376, stack(0x000000001bf50000,0x000000001c050000)]
  0x0000000019e82800 JavaThread "Snooper Timer" daemon [_thread_blocked, id=6716, stack(0x0000000019b30000,0x0000000019c30000)]
  0x0000000017076800 JavaThread "Service Thread" daemon [_thread_blocked, id=7808, stack(0x0000000018080000,0x0000000018180000)]
  0x0000000017034000 JavaThread "C1 CompilerThread2" daemon [_thread_blocked, id=5184, stack(0x0000000017780000,0x0000000017880000)]
  0x0000000016fdb800 JavaThread "C2 CompilerThread1" daemon [_thread_blocked, id=6624, stack(0x0000000017680000,0x0000000017780000)]
  0x0000000016f1c000 JavaThread "C2 CompilerThread0" daemon [_thread_blocked, id=7984, stack(0x0000000017580000,0x0000000017680000)]
  0x0000000016f37800 JavaThread "Monitor Ctrl-Break" daemon [_thread_in_native, id=7224, stack(0x0000000017480000,0x0000000017580000)]
  0x0000000016cb7000 JavaThread "Attach Listener" daemon [_thread_blocked, id=7108, stack(0x0000000017380000,0x0000000017480000)]
  0x0000000016cb6000 JavaThread "Signal Dispatcher" daemon [_thread_blocked, id=8136, stack(0x0000000017280000,0x0000000017380000)]
  0x0000000016cb4800 JavaThread "Surrogate Locker Thread (Concurrent GC)" daemon [_thread_blocked, id=8104, stack(0x0000000017180000,0x0000000017280000)]
  0x0000000016276800 JavaThread "Finalizer" daemon [_thread_blocked, id=6480, stack(0x0000000017080000,0x0000000017180000)]
  0x000000001626f800 JavaThread "Reference Handler" daemon [_thread_blocked, id=812, stack(0x0000000016b80000,0x0000000016c80000)]
  0x0000000002ef8000 JavaThread "Client thread" [_thread_in_native, id=4332, stack(0x0000000002df0000,0x0000000002ef0000)]

Other Threads:
  0x0000000016263800 VMThread [stack: 0x0000000016a80000,0x0000000016b80000] [id=7768]
  0x000000001703e800 WatcherThread [stack: 0x0000000018180000,0x0000000018280000] [id=7272]

VM state:not at safepoint (normal execution)

VM Mutex/Monitor currently owned by a thread: None

Heap:
 par new generation   total 306688K, used 83627K [0x00000000c0000000, 0x00000000d4cc0000, 0x00000000d4cc0000)
  eden space 272640K,  24% used [0x00000000c0000000, 0x00000000c40c7090, 0x00000000d0a40000)
  from space 34048K,  50% used [0x00000000d2b80000, 0x00000000d3c63b98, 0x00000000d4cc0000)
  to   space 34048K,   0% used [0x00000000d0a40000, 0x00000000d0a40000, 0x00000000d2b80000)
 concurrent mark-sweep generation total 707840K, used 163905K [0x00000000d4cc0000, 0x0000000100000000, 0x0000000100000000)
 Metaspace       used 29750K, capacity 30029K, committed 30336K, reserved 1075200K
  class space    used 3637K, capacity 3700K, committed 3712K, reserved 1048576K

Card table byte_map: [0x00000000128b0000,0x0000000012ac0000] byte_map_base: 0x00000000122b0000

Marking Bits: (CMSBitMap*) 0x0000000002f4f938
 Bits: [0x0000000013070000, 0x0000000013b3d000)

Mod Union Table: (CMSBitMap*) 0x0000000002f4f9f8
 Bits: [0x00000000013c0000, 0x00000000013eb340)

Polling page: 0x0000000001370000

CodeCache: size=245760Kb used=13568Kb max_used=13571Kb free=232191Kb
 bounds [0x00000000030f0000, 0x0000000003e60000, 0x00000000120f0000]
 total_blobs=4136 nmethods=3475 adapters=574
 compilation: enabled

Compilation events (10 events):
Event: 20.101 Thread 0x0000000017034000 4261       3       org.apache.logging.log4j.core.Logger$PrivateConfig::filter (87 bytes)
Event: 20.101 Thread 0x0000000017034000 nmethod 4261 0x00000000033f6890 code [0x00000000033f6a40, 0x00000000033f70b8]
Event: 20.118 Thread 0x0000000017034000 4262       3       java.io.ExpiringCache::cleanup (94 bytes)
Event: 20.118 Thread 0x0000000017034000 nmethod 4262 0x0000000003822690 code [0x0000000003822880, 0x0000000003823218]
Event: 20.137 Thread 0x0000000017034000 4263   !   3       net.minecraft.client.audio.SoundHandler::loadSoundResource (402 bytes)
Event: 20.140 Thread 0x0000000017034000 nmethod 4263 0x0000000003c752d0 code [0x0000000003c75840, 0x0000000003c78f38]
Event: 20.140 Thread 0x0000000017034000 4264       3       net.minecraft.util.RegistrySimple::containsKey (11 bytes)
Event: 20.140 Thread 0x0000000017034000 nmethod 4264 0x0000000003822210 code [0x0000000003822380, 0x00000000038225a8]
Event: 20.209 Thread 0x0000000017034000 4265       3       java.util.StringTokenizer::nextToken (92 bytes)
Event: 20.209 Thread 0x0000000017034000 nmethod 4265 0x00000000033f6110 code [0x00000000033f62c0, 0x00000000033f66f8]

GC Heap History (10 events):
Event: 11.419 GC heap before
{Heap before GC invocations=3 (full 2):
 par new generation   total 306688K, used 288754K [0x00000000c0000000, 0x00000000d4cc0000, 0x00000000d4cc0000)
  eden space 272640K, 100% used [0x00000000c0000000, 0x00000000d0a40000, 0x00000000d0a40000)
  from space 34048K,  47% used [0x00000000d0a40000, 0x00000000d19fc848, 0x00000000d2b80000)
  to   space 34048K,   0% used [0x00000000d2b80000, 0x00000000d2b80000, 0x00000000d4cc0000)
 concurrent mark-sweep generation total 707840K, used 22656K [0x00000000d4cc0000, 0x0000000100000000, 0x0000000100000000)
 Metaspace       used 25555K, capacity 25803K, committed 26112K, reserved 1073152K
  class space    used 3135K, capacity 3211K, committed 3328K, reserved 1048576K
Event: 11.461 GC heap after
Heap after GC invocations=4 (full 2):
 par new generation   total 306688K, used 34048K [0x00000000c0000000, 0x00000000d4cc0000, 0x00000000d4cc0000)
  eden space 272640K,   0% used [0x00000000c0000000, 0x00000000c0000000, 0x00000000d0a40000)
  from space 34048K, 100% used [0x00000000d2b80000, 0x00000000d4cc0000, 0x00000000d4cc0000)
  to   space 34048K,   0% used [0x00000000d0a40000, 0x00000000d0a40000, 0x00000000d2b80000)
 concurrent mark-sweep generation total 707840K, used 26480K [0x00000000d4cc0000, 0x0000000100000000, 0x0000000100000000)
 Metaspace       used 25555K, capacity 25803K, committed 26112K, reserved 1073152K
  class space    used 3135K, capacity 3211K, committed 3328K, reserved 1048576K
}
Event: 13.751 GC heap before
{Heap before GC invocations=4 (full 3):
 par new generation   total 306688K, used 306688K [0x00000000c0000000, 0x00000000d4cc0000, 0x00000000d4cc0000)
  eden space 272640K, 100% used [0x00000000c0000000, 0x00000000d0a40000, 0x00000000d0a40000)
  from space 34048K, 100% used [0x00000000d2b80000, 0x00000000d4cc0000, 0x00000000d4cc0000)
  to   space 34048K,   0% used [0x00000000d0a40000, 0x00000000d0a40000, 0x00000000d2b80000)
 concurrent mark-sweep generation total 707840K, used 26480K [0x00000000d4cc0000, 0x0000000100000000, 0x0000000100000000)
 Metaspace       used 25581K, capacity 25803K, committed 26112K, reserved 1073152K
  class space    used 3135K, capacity 3211K, committed 3328K, reserved 1048576K
Event: 13.831 GC heap after
Heap after GC invocations=5 (full 3):
 par new generation   total 306688K, used 34048K [0x00000000c0000000, 0x00000000d4cc0000, 0x00000000d4cc0000)
  eden space 272640K,   0% used [0x00000000c0000000, 0x00000000c0000000, 0x00000000d0a40000)
  from space 34048K, 100% used [0x00000000d0a40000, 0x00000000d2b80000, 0x00000000d2b80000)
  to   space 34048K,   0% used [0x00000000d2b80000, 0x00000000d2b80000, 0x00000000d4cc0000)
 concurrent mark-sweep generation total 707840K, used 64503K [0x00000000d4cc0000, 0x0000000100000000, 0x0000000100000000)
 Metaspace       used 25581K, capacity 25803K, committed 26112K, reserved 1073152K
  class space    used 3135K, capacity 3211K, committed 3328K, reserved 1048576K
}
Event: 15.603 GC heap before
{Heap before GC invocations=5 (full 3):
 par new generation   total 306688K, used 306688K [0x00000000c0000000, 0x00000000d4cc0000, 0x00000000d4cc0000)
  eden space 272640K, 100% used [0x00000000c0000000, 0x00000000d0a40000, 0x00000000d0a40000)
  from space 34048K, 100% used [0x00000000d0a40000, 0x00000000d2b80000, 0x00000000d2b80000)
  to   space 34048K,   0% used [0x00000000d2b80000, 0x00000000d2b80000, 0x00000000d4cc0000)
 concurrent mark-sweep generation total 707840K, used 64396K [0x00000000d4cc0000, 0x0000000100000000, 0x0000000100000000)
 Metaspace       used 25602K, capacity 25803K, committed 26112K, reserved 1073152K
  class space    used 3135K, capacity 3211K, committed 3328K, reserved 1048576K
Event: 15.703 GC heap after
Heap after GC invocations=6 (full 3):
 par new generation   total 306688K, used 34047K [0x00000000c0000000, 0x00000000d4cc0000, 0x00000000d4cc0000)
  eden space 272640K,   0% used [0x00000000c0000000, 0x00000000c0000000, 0x00000000d0a40000)
  from space 34048K,  99% used [0x00000000d2b80000, 0x00000000d4cbfff8, 0x00000000d4cc0000)
  to   space 34048K,   0% used [0x00000000d0a40000, 0x00000000d0a40000, 0x00000000d2b80000)
 concurrent mark-sweep generation total 707840K, used 135680K [0x00000000d4cc0000, 0x0000000100000000, 0x0000000100000000)
 Metaspace       used 25602K, capacity 25803K, committed 26112K, reserved 1073152K
  class space    used 3135K, capacity 3211K, committed 3328K, reserved 1048576K
}
Event: 17.495 GC heap before
{Heap before GC invocations=6 (full 3):
 par new generation   total 306688K, used 306687K [0x00000000c0000000, 0x00000000d4cc0000, 0x00000000d4cc0000)
  eden space 272640K, 100% used [0x00000000c0000000, 0x00000000d0a40000, 0x00000000d0a40000)
  from space 34048K,  99% used [0x00000000d2b80000, 0x00000000d4cbfff8, 0x00000000d4cc0000)
  to   space 34048K,   0% used [0x00000000d0a40000, 0x00000000d0a40000, 0x00000000d2b80000)
 concurrent mark-sweep generation total 707840K, used 135680K [0x00000000d4cc0000, 0x0000000100000000, 0x0000000100000000)
 Metaspace       used 27910K, capacity 28109K, committed 28416K, reserved 1075200K
  class space    used 3424K, capacity 3508K, committed 3584K, reserved 1048576K
Event: 17.539 GC heap after
Heap after GC invocations=7 (full 3):
 par new generation   total 306688K, used 34047K [0x00000000c0000000, 0x00000000d4cc0000, 0x00000000d4cc0000)
  eden space 272640K,   0% used [0x00000000c0000000, 0x00000000c0000000, 0x00000000d0a40000)
  from space 34048K,  99% used [0x00000000d0a40000, 0x00000000d2b7fff8, 0x00000000d2b80000)
  to   space 34048K,   0% used [0x00000000d2b80000, 0x00000000d2b80000, 0x00000000d4cc0000)
 concurrent mark-sweep generation total 707840K, used 147487K [0x00000000d4cc0000, 0x0000000100000000, 0x0000000100000000)
 Metaspace       used 27910K, capacity 28109K, committed 28416K, reserved 1075200K
  class space    used 3424K, capacity 3508K, committed 3584K, reserved 1048576K
}
Event: 19.616 GC heap before
{Heap before GC invocations=7 (full 4):
 par new generation   total 306688K, used 306687K [0x00000000c0000000, 0x00000000d4cc0000, 0x00000000d4cc0000)
  eden space 272640K, 100% used [0x00000000c0000000, 0x00000000d0a40000, 0x00000000d0a40000)
  from space 34048K,  99% used [0x00000000d0a40000, 0x00000000d2b7fff8, 0x00000000d2b80000)
  to   space 34048K,   0% used [0x00000000d2b80000, 0x00000000d2b80000, 0x00000000d4cc0000)
 concurrent mark-sweep generation total 707840K, used 147487K [0x00000000d4cc0000, 0x0000000100000000, 0x0000000100000000)
 Metaspace       used 29660K, capacity 29901K, committed 30336K, reserved 1075200K
  class space    used 3637K, capacity 3700K, committed 3712K, reserved 1048576K
Event: 19.665 GC heap after
Heap after GC invocations=8 (full 4):
 par new generation   total 306688K, used 17294K [0x00000000c0000000, 0x00000000d4cc0000, 0x00000000d4cc0000)
  eden space 272640K,   0% used [0x00000000c0000000, 0x00000000c0000000, 0x00000000d0a40000)
  from space 34048K,  50% used [0x00000000d2b80000, 0x00000000d3c63b98, 0x00000000d4cc0000)
  to   space 34048K,   0% used [0x00000000d0a40000, 0x00000000d0a40000, 0x00000000d2b80000)
 concurrent mark-sweep generation total 707840K, used 163905K [0x00000000d4cc0000, 0x0000000100000000, 0x0000000100000000)
 Metaspace       used 29660K, capacity 29901K, committed 30336K, reserved 1075200K
  class space    used 3637K, capacity 3700K, committed 3712K, reserved 1048576K
}

Deoptimization events (10 events):
Event: 19.308 Thread 0x0000000002ef8000 Uncommon trap: reason=intrinsic action=make_not_entrant pc=0x0000000003ded448 method=net.minecraft.client.renderer.texture.TextureUtil.func_147944_a(IIIII)I @ 38
Event: 19.338 Thread 0x0000000002ef8000 Uncommon trap: reason=intrinsic action=make_not_entrant pc=0x0000000003e06138 method=net.minecraft.client.renderer.texture.TextureUtil.func_147943_a(IIIIZ)I @ 317
Event: 19.339 Thread 0x0000000002ef8000 Uncommon trap: reason=intrinsic action=make_not_entrant pc=0x0000000003deccec method=net.minecraft.client.renderer.texture.TextureUtil.func_147944_a(IIIII)I @ 82
Event: 19.348 Thread 0x0000000002ef8000 Uncommon trap: reason=intrinsic action=make_not_entrant pc=0x0000000003e08734 method=net.minecraft.client.renderer.texture.TextureUtil.func_147943_a(IIIIZ)I @ 333
Event: 19.350 Thread 0x0000000002ef8000 Uncommon trap: reason=intrinsic action=make_not_entrant pc=0x0000000003dfbf18 method=net.minecraft.client.renderer.texture.TextureUtil.func_147944_a(IIIII)I @ 60
Event: 19.380 Thread 0x0000000002ef8000 Uncommon trap: reason=intrinsic action=make_not_entrant pc=0x0000000003e0fc3c method=net.minecraft.client.renderer.texture.TextureUtil.func_147943_a(IIIIZ)I @ 179
Event: 19.383 Thread 0x0000000002ef8000 Uncommon trap: reason=intrinsic action=make_not_entrant pc=0x0000000003e09950 method=net.minecraft.client.renderer.texture.TextureUtil.func_147944_a(IIIII)I @ 107
Event: 19.445 Thread 0x0000000002ef8000 Uncommon trap: reason=intrinsic action=make_not_entrant pc=0x0000000003e13904 method=net.minecraft.client.renderer.texture.TextureUtil.func_147943_a(IIIIZ)I @ 238
Event: 19.470 Thread 0x0000000002ef8000 Uncommon trap: reason=intrinsic action=make_not_entrant pc=0x0000000003e16d18 method=net.minecraft.client.renderer.texture.TextureUtil.func_147943_a(IIIIZ)I @ 209
Event: 19.755 Thread 0x0000000002ef8000 Uncommon trap: reason=unstable_if action=reinterpret pc=0x0000000003e177e8 method=net.minecraft.client.renderer.texture.TextureUtil.generateMipmapData(II[[I)[[I @ 14

Internal exceptions (10 events):
Event: 20.210 Thread 0x0000000019e85000 Exception <a 'org/lwjgl/LWJGLException'> (0x00000000c39f00e0) thrown at [C:\re\workspace\8-2-build-windows-amd64-cygwin\jdk8u131\8869\hotspot\src\share\vm\prims\jni.cpp, line 709]
Event: 20.210 Thread 0x0000000019e85000 Exception <a 'org/lwjgl/LWJGLException'> (0x00000000c39f0630) thrown at [C:\re\workspace\8-2-build-windows-amd64-cygwin\jdk8u131\8869\hotspot\src\share\vm\prims\jni.cpp, line 709]
Event: 20.210 Thread 0x0000000019e85000 Exception <a 'org/lwjgl/LWJGLException'> (0x00000000c39f0b78) thrown at [C:\re\workspace\8-2-build-windows-amd64-cygwin\jdk8u131\8869\hotspot\src\share\vm\prims\jni.cpp, line 709]
Event: 20.210 Thread 0x0000000019e85000 Exception <a 'org/lwjgl/LWJGLException'> (0x00000000c39f1178) thrown at [C:\re\workspace\8-2-build-windows-amd64-cygwin\jdk8u131\8869\hotspot\src\share\vm\prims\jni.cpp, line 709]
Event: 20.210 Thread 0x0000000019e85000 Exception <a 'org/lwjgl/LWJGLException'> (0x00000000c39f1828) thrown at [C:\re\workspace\8-2-build-windows-amd64-cygwin\jdk8u131\8869\hotspot\src\share\vm\prims\jni.cpp, line 709]
Event: 20.211 Thread 0x0000000019e85000 Exception <a 'org/lwjgl/LWJGLException'> (0x00000000c39f1ee0) thrown at [C:\re\workspace\8-2-build-windows-amd64-cygwin\jdk8u131\8869\hotspot\src\share\vm\prims\jni.cpp, line 709]
Event: 20.211 Thread 0x0000000019e85000 Exception <a 'org/lwjgl/LWJGLException'> (0x00000000c39f2570) thrown at [C:\re\workspace\8-2-build-windows-amd64-cygwin\jdk8u131\8869\hotspot\src\share\vm\prims\jni.cpp, line 709]
Event: 20.211 Thread 0x0000000019e85000 Exception <a 'org/lwjgl/LWJGLException'> (0x00000000c39f2c98) thrown at [C:\re\workspace\8-2-build-windows-amd64-cygwin\jdk8u131\8869\hotspot\src\share\vm\prims\jni.cpp, line 709]
Event: 20.211 Thread 0x0000000019e85000 Exception <a 'org/lwjgl/LWJGLException'> (0x00000000c39f33b8) thrown at [C:\re\workspace\8-2-build-windows-amd64-cygwin\jdk8u131\8869\hotspot\src\share\vm\prims\jni.cpp, line 709]
Event: 20.211 Thread 0x0000000019e85000 Exception <a 'org/lwjgl/LWJGLException'> (0x00000000c39f39c0) thrown at [C:\re\workspace\8-2-build-windows-amd64-cygwin\jdk8u131\8869\hotspot\src\share\vm\prims\jni.cpp, line 709]

Events (10 events):
Event: 19.982 Executing VM operation: RevokeBias done
Event: 19.982 Executing VM operation: RevokeBias
Event: 19.982 Executing VM operation: RevokeBias done
Event: 19.985 Executing VM operation: RevokeBias
Event: 19.985 Executing VM operation: RevokeBias done
Event: 19.987 Thread 0x0000000019e80800 Thread added: 0x0000000019e80800
Event: 20.008 Thread 0x0000000019e85000 Thread added: 0x0000000019e85000
Event: 20.208 Executing VM operation: RevokeBias
Event: 20.208 Executing VM operation: RevokeBias done
Event: 20.208 Thread 0x0000000019e85800 Thread added: 0x0000000019e85800


Dynamic libraries:
0x00007ff6d9440000 - 0x00007ff6d9477000 	C:\Program Files\Java\jdk1.8.0_131\bin\java.exe
0x00007ffd33d60000 - 0x00007ffd33f0d000 	C:\Windows\SYSTEM32\ntdll.dll
0x00007ffd32b80000 - 0x00007ffd32cbe000 	C:\Windows\system32\KERNEL32.DLL
0x00007ffd30fd0000 - 0x00007ffd310e5000 	C:\Windows\system32\KERNELBASE.dll
0x00007ffd2fa40000 - 0x00007ffd2face000 	C:\Windows\system32\apphelp.dll
0x00007ffd22e60000 - 0x00007ffd22eb3000 	C:\Windows\AppPatch\AppPatch64\AcGenral.DLL
0x00007ffd32cd0000 - 0x00007ffd32d7a000 	C:\Windows\system32\msvcrt.dll
0x00007ffd30f50000 - 0x00007ffd30f7e000 	C:\Windows\system32\SspiCli.dll
0x00007ffd313e0000 - 0x00007ffd31434000 	C:\Windows\system32\SHLWAPI.dll
0x00007ffd338d0000 - 0x00007ffd33a47000 	C:\Windows\system32\USER32.dll
0x00007ffd33420000 - 0x00007ffd335b4000 	C:\Windows\system32\ole32.dll
0x00007ffd314d0000 - 0x00007ffd329f8000 	C:\Windows\system32\SHELL32.dll
0x00007ffd304c0000 - 0x00007ffd304e1000 	C:\Windows\SYSTEM32\USERENV.dll
0x00007ffd335c0000 - 0x00007ffd3366a000 	C:\Windows\system32\ADVAPI32.dll
0x00007ffd23a70000 - 0x00007ffd23a8e000 	C:\Windows\SYSTEM32\MPR.dll
0x00007ffd32a00000 - 0x00007ffd32b40000 	C:\Windows\system32\RPCRT4.dll
0x00007ffd33b10000 - 0x00007ffd33b69000 	C:\Windows\SYSTEM32\sechost.dll
0x00007ffd32ef0000 - 0x00007ffd33101000 	C:\Windows\SYSTEM32\combase.dll
0x00007ffd33110000 - 0x00007ffd3325f000 	C:\Windows\system32\GDI32.dll
0x00007ffd30e80000 - 0x00007ffd30e95000 	C:\Windows\SYSTEM32\profapi.dll
0x00007ffd2f240000 - 0x00007ffd2f2f2000 	C:\Windows\SYSTEM32\SHCORE.dll
0x00007ffd32b40000 - 0x00007ffd32b76000 	C:\Windows\system32\IMM32.DLL
0x00007ffd32d90000 - 0x00007ffd32ee2000 	C:\Windows\system32\MSCTF.dll
0x00007ffd2e7a0000 - 0x00007ffd2ea1b000 	C:\Windows\WinSxS\amd64_microsoft.windows.common-controls_6595b64144ccf1df_6.0.9600.18006_none_623f33d3ecbe86e8\COMCTL32.dll
0x0000000066c30000 - 0x0000000066d02000 	C:\Program Files\Java\jdk1.8.0_131\jre\bin\msvcr100.dll
0x0000000066390000 - 0x0000000066c2c000 	C:\Program Files\Java\jdk1.8.0_131\jre\bin\server\jvm.dll
0x00007ffd2d6f0000 - 0x00007ffd2d6f9000 	C:\Windows\SYSTEM32\WSOCK32.dll
0x00007ffd29380000 - 0x00007ffd293a2000 	C:\Windows\SYSTEM32\WINMM.dll
0x00007ffd2ea50000 - 0x00007ffd2ea5a000 	C:\Windows\SYSTEM32\VERSION.dll
0x00007ffd32d80000 - 0x00007ffd32d87000 	C:\Windows\system32\PSAPI.DLL
0x00007ffd33d00000 - 0x00007ffd33d5a000 	C:\Windows\system32\WS2_32.dll
0x00007ffd29350000 - 0x00007ffd2937a000 	C:\Windows\SYSTEM32\WINMMBASE.dll
0x00007ffd31440000 - 0x00007ffd31449000 	C:\Windows\system32\NSI.dll
0x00007ffd30f80000 - 0x00007ffd30fcf000 	C:\Windows\SYSTEM32\cfgmgr32.dll
0x00007ffd2fca0000 - 0x00007ffd2fcc8000 	C:\Windows\SYSTEM32\DEVOBJ.dll
0x0000000066380000 - 0x000000006638f000 	C:\Program Files\Java\jdk1.8.0_131\jre\bin\verify.dll
0x0000000066350000 - 0x0000000066379000 	C:\Program Files\Java\jdk1.8.0_131\jre\bin\java.dll
0x0000000066300000 - 0x0000000066323000 	C:\Program Files\Java\jdk1.8.0_131\jre\bin\instrument.dll
0x0000000066330000 - 0x0000000066346000 	C:\Program Files\Java\jdk1.8.0_131\jre\bin\zip.dll
0x00007ffd27160000 - 0x00007ffd2717a000 	C:\Program Files\JetBrains\IntelliJ IDEA Community Edition 2017.1.1\bin\breakgen64.dll
0x00000000661f0000 - 0x000000006620a000 	C:\Program Files\Java\jdk1.8.0_131\jre\bin\net.dll
0x00007ffd30780000 - 0x00007ffd307d9000 	C:\Windows\system32\mswsock.dll
0x00000000662f0000 - 0x00000000662fd000 	C:\Program Files\Java\jdk1.8.0_131\jre\bin\management.dll
0x00000000661d0000 - 0x00000000661e1000 	C:\Program Files\Java\jdk1.8.0_131\jre\bin\nio.dll
0x00007ffd29430000 - 0x00007ffd29445000 	C:\Windows\system32\napinsp.dll
0x00007ffd29450000 - 0x00007ffd2946a000 	C:\Windows\system32\pnrpnsp.dll
0x00007ffd2d6b0000 - 0x00007ffd2d6cb000 	C:\Windows\system32\NLAapi.dll
0x00007ffd30580000 - 0x00007ffd30624000 	C:\Windows\SYSTEM32\DNSAPI.dll
0x00007ffd29520000 - 0x00007ffd2952d000 	C:\Windows\System32\winrnr.dll
0x00007ffd2a2f0000 - 0x00007ffd2a2fa000 	C:\Windows\System32\rasadhlp.dll
0x00007ffd2caf0000 - 0x00007ffd2cb1a000 	C:\Windows\SYSTEM32\IPHLPAPI.DLL
0x00007ffd2c990000 - 0x00007ffd2c99a000 	C:\Windows\SYSTEM32\WINNSI.DLL
0x00007ffd2c5c0000 - 0x00007ffd2c62b000 	C:\Windows\System32\fwpuclnt.dll
0x0000000180000000 - 0x0000000180051000 	C:\Users\ethan\.gradle\caches\minecraft\net\minecraft\minecraft_natives\1.7.10\lwjgl64.dll
0x00007ffd22c00000 - 0x00007ffd22d2b000 	C:\Windows\SYSTEM32\OPENGL32.dll
0x00007ffd27ec0000 - 0x00007ffd27eee000 	C:\Windows\SYSTEM32\GLU32.dll
0x00007ffd22a80000 - 0x00007ffd22b78000 	C:\Windows\SYSTEM32\DDRAW.dll
0x00007ffd2d6a0000 - 0x00007ffd2d6a9000 	C:\Windows\SYSTEM32\DCIMAN32.dll
0x00007ffd307e0000 - 0x00007ffd30800000 	C:\Windows\SYSTEM32\CRYPTSP.dll
0x00007ffd303b0000 - 0x00007ffd303e6000 	C:\Windows\system32\rsaenh.dll
0x00007ffd30a30000 - 0x00007ffd30a56000 	C:\Windows\SYSTEM32\bcrypt.dll
0x00007ffd30d50000 - 0x00007ffd30db3000 	C:\Windows\system32\bcryptprimitives.dll
0x00007ffd30dc0000 - 0x00007ffd30dcb000 	C:\Windows\SYSTEM32\CRYPTBASE.dll
0x00007ffd2c6a0000 - 0x00007ffd2c6b6000 	C:\Windows\SYSTEM32\dhcpcsvc6.DLL
0x00007ffd2c680000 - 0x00007ffd2c69a000 	C:\Windows\SYSTEM32\dhcpcsvc.DLL
0x0000000066030000 - 0x00000000661c8000 	C:\Program Files\Java\jdk1.8.0_131\jre\bin\awt.dll
0x00007ffd33b70000 - 0x00007ffd33c36000 	C:\Windows\system32\OLEAUT32.dll
0x00007ffd2fae0000 - 0x00007ffd2fc09000 	C:\Windows\system32\uxtheme.dll
0x00007ffd2ebb0000 - 0x00007ffd2ebd1000 	C:\Windows\system32\dwmapi.dll
0x00007ffd22a60000 - 0x00007ffd22a78000 	C:\Windows\SYSTEM32\atig6pxx.dll
0x0000000064680000 - 0x0000000066021000 	C:\Windows\SYSTEM32\atio6axx.dll
0x00007ffd336f0000 - 0x00007ffd338ca000 	C:\Windows\system32\SETUPAPI.dll
0x00007ffd2f110000 - 0x00007ffd2f238000 	C:\Windows\SYSTEM32\atiadlxx.dll
0x00007ffd2cb20000 - 0x00007ffd2cc9f000 	C:\Windows\SYSTEM32\PROPSYS.dll
0x00007ffd2fa20000 - 0x00007ffd2fa32000 	C:\Windows\SYSTEM32\WTSAPI32.dll
0x00007ffd312d0000 - 0x00007ffd31321000 	C:\Windows\system32\WINTRUST.dll
0x00007ffd310f0000 - 0x00007ffd312cf000 	C:\Windows\system32\CRYPT32.dll
0x00007ffd30f30000 - 0x00007ffd30f41000 	C:\Windows\system32\MSASN1.dll
0x00007ffd2ea60000 - 0x00007ffd2eba4000 	C:\Windows\SYSTEM32\aticfx64.dll
0x00007ffd22a40000 - 0x00007ffd22a5e000 	C:\Windows\SYSTEM32\atig6txx.dll
0x00007ffd2fc10000 - 0x00007ffd2fc1b000 	C:\Windows\SYSTEM32\kernel.appcore.dll
0x00007ffd23360000 - 0x00007ffd233f2000 	C:\Windows\SYSTEM32\mscms.dll
0x00007ffd271c0000 - 0x00007ffd27201000 	C:\Windows\SYSTEM32\icm32.dll
0x0000000070a40000 - 0x0000000070adc000 	C:\Users\ethan\.gradle\caches\minecraft\net\minecraft\minecraft_natives\1.7.10\avutil-ttv-51.dll
0x000000001c050000 - 0x000000001c0a6000 	C:\Users\ethan\.gradle\caches\minecraft\net\minecraft\minecraft_natives\1.7.10\swresample-ttv-0.dll
0x000000006eb80000 - 0x000000006ec50000 	C:\Users\ethan\.gradle\caches\minecraft\net\minecraft\minecraft_natives\1.7.10\libmp3lame-ttv.dll
0x00007ffd041a0000 - 0x00007ffd05544000 	C:\Users\ethan\.gradle\caches\minecraft\net\minecraft\minecraft_natives\1.7.10\libmfxsw64.dll
0x00007ffd227f0000 - 0x00007ffd2291b000 	C:\Users\ethan\.gradle\caches\minecraft\net\minecraft\minecraft_natives\1.7.10\twitchsdk.dll
0x00007ffd29b80000 - 0x00007ffd29ea1000 	C:\Windows\SYSTEM32\WININET.dll
0x00007ffd2a6c0000 - 0x00007ffd2a98a000 	C:\Windows\SYSTEM32\iertutil.dll
0x000000001eaa0000 - 0x000000001eb04000 	C:\Users\ethan\.gradle\caches\minecraft\net\minecraft\minecraft_natives\1.7.10\OpenAL64.dll
0x00007ffd33c40000 - 0x00007ffd33cf6000 	C:\Windows\SYSTEM32\clbcatq.dll
0x00007ffd2dc20000 - 0x00007ffd2dc90000 	C:\Windows\System32\MMDevApi.dll
0x00007ffd224a0000 - 0x00007ffd2253d000 	C:\Windows\SYSTEM32\dsound.dll
0x00007ffd304f0000 - 0x00007ffd30536000 	C:\Windows\SYSTEM32\POWRPROF.dll
0x00007ffd12c10000 - 0x00007ffd12c8e000 	C:\Windows\SYSTEM32\AUDIOSES.DLL
0x00007ffd0fe10000 - 0x00007ffd0ff99000 	C:\Windows\SYSTEM32\dbghelp.dll

VM Arguments:
jvm_args: -Xincgc -Xmx1024M -Xms1024M -javaagent:C:\Program Files\JetBrains\IntelliJ IDEA Community Edition 2017.1.1\lib\idea_rt.jar=62507:C:\Program Files\JetBrains\IntelliJ IDEA Community Edition 2017.1.1\bin -Dfile.encoding=UTF-8 
java_command: GradleStart
java_class_path (initial): C:\Program Files\Java\jdk1.8.0_131\jre\lib\charsets.jar;C:\Program Files\Java\jdk1.8.0_131\jre\lib\deploy.jar;C:\Program Files\Java\jdk1.8.0_131\jre\lib\ext\access-bridge-64.jar;C:\Program Files\Java\jdk1.8.0_131\jre\lib\ext\cldrdata.jar;C:\Program Files\Java\jdk1.8.0_131\jre\lib\ext\dnsns.jar;C:\Program Files\Java\jdk1.8.0_131\jre\lib\ext\jaccess.jar;C:\Program Files\Java\jdk1.8.0_131\jre\lib\ext\jfxrt.jar;C:\Program Files\Java\jdk1.8.0_131\jre\lib\ext\localedata.jar;C:\Program Files\Java\jdk1.8.0_131\jre\lib\ext\nashorn.jar;C:\Program Files\Java\jdk1.8.0_131\jre\lib\ext\sunec.jar;C:\Program Files\Java\jdk1.8.0_131\jre\lib\ext\sunjce_provider.jar;C:\Program Files\Java\jdk1.8.0_131\jre\lib\ext\sunmscapi.jar;C:\Program Files\Java\jdk1.8.0_131\jre\lib\ext\sunpkcs11.jar;C:\Program Files\Java\jdk1.8.0_131\jre\lib\ext\zipfs.jar;C:\Program Files\Java\jdk1.8.0_131\jre\lib\javaws.jar;C:\Program Files\Java\jdk1.8.0_131\jre\lib\jce.jar;C:\Program Files\Java\jdk1.8.0_131\jre\lib\jfr.jar;C:\Program Files\Java\jdk1.8.0_131\jre\lib\jfxswt.jar;C:\Program Files\Java\jdk1.8.0_131\jre\lib\jsse.jar;C:\Program Files\Java\jdk1.8.0_131\jre\lib\management-agent.jar;C:\Program Files\Java\jdk1.8.0_131\jre\lib\plugin.jar;C:\Program Files\Java\jdk1.8.0_131\jre\lib\resources.jar;C:\Program Files\Java\jdk1.8.0_131\jre\lib\rt.jar;C:\Users\ethan\.gradle\caches\minecraft\net\minecraftforge\forge\1.7.10-10.13.4.1558-1.7.10\forgeSrc-1.7.10-10.13.4.1558-1.7.10.jar;C:\Users\ethan\.gradle\caches\modules-2\files-2.1\net.minecraft\launchwrapper\1.12\111e7bea9c968cdb3d06ef4632bf7ff0824d0f36\launchwrapper-1.12.jar;C:\Users\ethan\.gradle\caches\modules-2\files-2.1\com.google.code.findbugs\jsr305\1.3.9\40719ea6961c0cb6afaeb6a921eaa1f6afd4cfdf\jsr305-1.3.9.jar;C:\Users\ethan\.gradle\caches\modules-2\files-2.1\org.ow2.asm\asm-debug-all\5.0.3\f9e364ae2a66ce2a543012a4668856e84e5dab74\asm-debug-all-5.0.3.jar;C:\Users\ethan\.gradle\caches\modules-2\files-2.1\com.typesafe.akka\akka-acto
Launcher Type: SUN_STANDARD

Environment Variables:
PATH=C:\ProgramData\Oracle\Java\javapath;C:\Windows\system32;C:\Windows;C:\Windows\System32\Wbem;C:\Windows\System32\WindowsPowerShell\v1.0\;C:\Users\ethan\.dnx\bin;C:\Program Files\Microsoft DNX\Dnvm\;C:\Program Files\Microsoft SQL Server\130\Tools\Binn\;C:\Program Files (x86)\ATI Technologies\ATI.ACE\Core-Static;C:\Program Files\Internet Explorer;C:\ProgramData\Oracle\Java\javapath;C:\Windows\system32;C:\Windows;C:\Windows\System32\Wbem;C:\Windows\System32\WindowsPowerShell\v1.0\;C:\Windows\system32\config\systemprofile\.dnx\bin;C:\Program Files\Microsoft DNX\Dnvm\;C:\Program Files\Microsoft SQL Server\130\Tools\Binn\;C:\Program Files (x86)\ATI Technologies\ATI.ACE\Core-Static;C:\Users\ethan\AppData\Local\Programs\Git\cmd
USERNAME=ethan
OS=Windows_NT
PROCESSOR_IDENTIFIER=AMD64 Family 21 Model 2 Stepping 0, AuthenticAMD



---------------  S Y S T E M  ---------------

OS: Windows 8.1 , 64 bit Build 9600 (6.3.9600.17415)

CPU:total 4 (initial active 4) (4 cores per cpu, 1 threads per core) family 21 model 2 stepping 0, cmov, cx8, fxsr, mmx, sse, sse2, sse3, ssse3, sse4.1, sse4.2, popcnt, avx, aes, clmul, mmxext, 3dnowpref, lzcnt, sse4a, tsc, tscinvbit, tscinv, bmi1

Memory: 4k page, physical 8360340k(1068056k free), swap 16748948k(6412420k free)

vm_info: Java HotSpot(TM) 64-Bit Server VM (25.131-b11) for windows-amd64 JRE (1.8.0_131-b11), built on Mar 15 2017 01:23:53 by "java_re" with MS VC++ 10.0 (VS2010)

time: Sun Apr 30 18:34:50 2017
elapsed time: 20 seconds (0d 0h 0m 20s)

